2020-04-19 09:32:37.912  INFO 9548 --- [restartedMain] com.cy.blog.BlogApplication              : Starting BlogApplication on DESKTOP-30MFSNP with PID 9548 (D:\idea\MyBlog\target\classes started by 13491 in D:\idea\MyBlog)
2020-04-19 09:32:37.922  INFO 9548 --- [restartedMain] com.cy.blog.BlogApplication              : The following profiles are active: pro
2020-04-19 09:32:39.842 ERROR 9548 --- [restartedMain] o.a.tomcat.jdbc.pool.ConnectionPool      : Unable to create initial connections of pool.

java.sql.SQLNonTransientConnectionException: Public Key Retrieval is not allowed
	at com.mysql.cj.jdbc.exceptions.SQLError.createSQLException(SQLError.java:108)
	at com.mysql.cj.jdbc.exceptions.SQLError.createSQLException(SQLError.java:95)
	at com.mysql.cj.jdbc.exceptions.SQLExceptionsMapping.translateException(SQLExceptionsMapping.java:122)
	at com.mysql.cj.jdbc.ConnectionImpl.createNewIO(ConnectionImpl.java:862)
	at com.mysql.cj.jdbc.ConnectionImpl.<init>(ConnectionImpl.java:444)
	at com.mysql.cj.jdbc.ConnectionImpl.getInstance(ConnectionImpl.java:230)
	at com.mysql.cj.jdbc.NonRegisteringDriver.connect(NonRegisteringDriver.java:226)
	at org.apache.tomcat.jdbc.pool.PooledConnection.connectUsingDriver(PooledConnection.java:310)
	at org.apache.tomcat.jdbc.pool.PooledConnection.connect(PooledConnection.java:203)
	at org.apache.tomcat.jdbc.pool.ConnectionPool.createConnection(ConnectionPool.java:735)
	at org.apache.tomcat.jdbc.pool.ConnectionPool.borrowConnection(ConnectionPool.java:667)
	at org.apache.tomcat.jdbc.pool.ConnectionPool.init(ConnectionPool.java:482)
	at org.apache.tomcat.jdbc.pool.ConnectionPool.<init>(ConnectionPool.java:154)
	at org.apache.tomcat.jdbc.pool.DataSourceProxy.pCreatePool(DataSourceProxy.java:118)
	at org.apache.tomcat.jdbc.pool.DataSourceProxy.createPool(DataSourceProxy.java:107)
	at org.apache.tomcat.jdbc.pool.DataSourceProxy.getConnection(DataSourceProxy.java:131)
	at org.springframework.jdbc.datasource.DataSourceUtils.doGetConnection(DataSourceUtils.java:111)
	at org.springframework.jdbc.datasource.DataSourceUtils.getConnection(DataSourceUtils.java:77)
	at org.springframework.jdbc.support.JdbcUtils.extractDatabaseMetaData(JdbcUtils.java:326)
	at org.springframework.jdbc.support.JdbcUtils.extractDatabaseMetaData(JdbcUtils.java:366)
	at org.springframework.boot.autoconfigure.orm.jpa.DatabaseLookup.getDatabase(DatabaseLookup.java:72)
	at org.springframework.boot.autoconfigure.orm.jpa.JpaProperties.determineDatabase(JpaProperties.java:139)
	at org.springframework.boot.autoconfigure.orm.jpa.JpaBaseConfiguration.jpaVendorAdapter(JpaBaseConfiguration.java:105)
	at org.springframework.boot.autoconfigure.orm.jpa.HibernateJpaAutoConfiguration$$EnhancerBySpringCGLIB$$83808c5b.CGLIB$jpaVendorAdapter$4(<generated>)
	at org.springframework.boot.autoconfigure.orm.jpa.HibernateJpaAutoConfiguration$$EnhancerBySpringCGLIB$$83808c5b$$FastClassBySpringCGLIB$$a80d4829.invoke(<generated>)
	at org.springframework.cglib.proxy.MethodProxy.invokeSuper(MethodProxy.java:228)
	at org.springframework.context.annotation.ConfigurationClassEnhancer$BeanMethodInterceptor.intercept(ConfigurationClassEnhancer.java:358)
	at org.springframework.boot.autoconfigure.orm.jpa.HibernateJpaAutoConfiguration$$EnhancerBySpringCGLIB$$83808c5b.jpaVendorAdapter(<generated>)
	at sun.reflect.NativeMethodAccessorImpl.invoke0(Native Method)
	at sun.reflect.NativeMethodAccessorImpl.invoke(NativeMethodAccessorImpl.java:62)
	at sun.reflect.DelegatingMethodAccessorImpl.invoke(DelegatingMethodAccessorImpl.java:43)
	at java.lang.reflect.Method.invoke(Method.java:498)
	at org.springframework.beans.factory.support.SimpleInstantiationStrategy.instantiate(SimpleInstantiationStrategy.java:162)
	at org.springframework.beans.factory.support.ConstructorResolver.instantiateUsingFactoryMethod(ConstructorResolver.java:588)
	at org.springframework.beans.factory.support.AbstractAutowireCapableBeanFactory.instantiateUsingFactoryMethod(AbstractAutowireCapableBeanFactory.java:1173)
	at org.springframework.beans.factory.support.AbstractAutowireCapableBeanFactory.createBeanInstance(AbstractAutowireCapableBeanFactory.java:1067)
	at org.springframework.beans.factory.support.AbstractAutowireCapableBeanFactory.doCreateBean(AbstractAutowireCapableBeanFactory.java:513)
	at org.springframework.beans.factory.support.AbstractAutowireCapableBeanFactory.createBean(AbstractAutowireCapableBeanFactory.java:483)
	at org.springframework.beans.factory.support.AbstractBeanFactory$1.getObject(AbstractBeanFactory.java:306)
	at org.springframework.beans.factory.support.DefaultSingletonBeanRegistry.getSingleton(DefaultSingletonBeanRegistry.java:230)
	at org.springframework.beans.factory.support.AbstractBeanFactory.doGetBean(AbstractBeanFactory.java:302)
	at org.springframework.beans.factory.support.AbstractBeanFactory.getBean(AbstractBeanFactory.java:202)
	at org.springframework.beans.factory.config.DependencyDescriptor.resolveCandidate(DependencyDescriptor.java:208)
	at org.springframework.beans.factory.support.DefaultListableBeanFactory.doResolveDependency(DefaultListableBeanFactory.java:1138)
	at org.springframework.beans.factory.support.DefaultListableBeanFactory.resolveDependency(DefaultListableBeanFactory.java:1066)
	at org.springframework.beans.factory.support.ConstructorResolver.resolveAutowiredArgument(ConstructorResolver.java:835)
	at org.springframework.beans.factory.support.ConstructorResolver.createArgumentArray(ConstructorResolver.java:741)
	at org.springframework.beans.factory.support.ConstructorResolver.instantiateUsingFactoryMethod(ConstructorResolver.java:467)
	at org.springframework.beans.factory.support.AbstractAutowireCapableBeanFactory.instantiateUsingFactoryMethod(AbstractAutowireCapableBeanFactory.java:1173)
	at org.springframework.beans.factory.support.AbstractAutowireCapableBeanFactory.createBeanInstance(AbstractAutowireCapableBeanFactory.java:1067)
	at org.springframework.beans.factory.support.AbstractAutowireCapableBeanFactory.doCreateBean(AbstractAutowireCapableBeanFactory.java:513)
	at org.springframework.beans.factory.support.AbstractAutowireCapableBeanFactory.createBean(AbstractAutowireCapableBeanFactory.java:483)
	at org.springframework.beans.factory.support.AbstractBeanFactory$1.getObject(AbstractBeanFactory.java:306)
	at org.springframework.beans.factory.support.DefaultSingletonBeanRegistry.getSingleton(DefaultSingletonBeanRegistry.java:230)
	at org.springframework.beans.factory.support.AbstractBeanFactory.doGetBean(AbstractBeanFactory.java:302)
	at org.springframework.beans.factory.support.AbstractBeanFactory.getBean(AbstractBeanFactory.java:202)
	at org.springframework.beans.factory.config.DependencyDescriptor.resolveCandidate(DependencyDescriptor.java:208)
	at org.springframework.beans.factory.support.DefaultListableBeanFactory.doResolveDependency(DefaultListableBeanFactory.java:1138)
	at org.springframework.beans.factory.support.DefaultListableBeanFactory.resolveDependency(DefaultListableBeanFactory.java:1066)
	at org.springframework.beans.factory.support.ConstructorResolver.resolveAutowiredArgument(ConstructorResolver.java:835)
	at org.springframework.beans.factory.support.ConstructorResolver.createArgumentArray(ConstructorResolver.java:741)
	at org.springframework.beans.factory.support.ConstructorResolver.instantiateUsingFactoryMethod(ConstructorResolver.java:467)
	at org.springframework.beans.factory.support.AbstractAutowireCapableBeanFactory.instantiateUsingFactoryMethod(AbstractAutowireCapableBeanFactory.java:1173)
	at org.springframework.beans.factory.support.AbstractAutowireCapableBeanFactory.createBeanInstance(AbstractAutowireCapableBeanFactory.java:1067)
	at org.springframework.beans.factory.support.AbstractAutowireCapableBeanFactory.doCreateBean(AbstractAutowireCapableBeanFactory.java:513)
	at org.springframework.beans.factory.support.AbstractAutowireCapableBeanFactory.createBean(AbstractAutowireCapableBeanFactory.java:483)
	at org.springframework.beans.factory.support.AbstractBeanFactory$1.getObject(AbstractBeanFactory.java:306)
	at org.springframework.beans.factory.support.DefaultSingletonBeanRegistry.getSingleton(DefaultSingletonBeanRegistry.java:230)
	at org.springframework.beans.factory.support.AbstractBeanFactory.doGetBean(AbstractBeanFactory.java:302)
	at org.springframework.beans.factory.support.AbstractBeanFactory.getBean(AbstractBeanFactory.java:197)
	at org.springframework.context.support.AbstractApplicationContext.getBean(AbstractApplicationContext.java:1078)
	at org.springframework.context.support.AbstractApplicationContext.finishBeanFactoryInitialization(AbstractApplicationContext.java:857)
	at org.springframework.context.support.AbstractApplicationContext.refresh(AbstractApplicationContext.java:543)
	at org.springframework.boot.context.embedded.EmbeddedWebApplicationContext.refresh(EmbeddedWebApplicationContext.java:122)
	at org.springframework.boot.SpringApplication.refresh(SpringApplication.java:693)
	at org.springframework.boot.SpringApplication.refreshContext(SpringApplication.java:360)
	at org.springframework.boot.SpringApplication.run(SpringApplication.java:303)
	at org.springframework.boot.SpringApplication.run(SpringApplication.java:1118)
	at org.springframework.boot.SpringApplication.run(SpringApplication.java:1107)
	at com.cy.blog.BlogApplication.main(BlogApplication.java:10)
	at sun.reflect.NativeMethodAccessorImpl.invoke0(Native Method)
	at sun.reflect.NativeMethodAccessorImpl.invoke(NativeMethodAccessorImpl.java:62)
	at sun.reflect.DelegatingMethodAccessorImpl.invoke(DelegatingMethodAccessorImpl.java:43)
	at java.lang.reflect.Method.invoke(Method.java:498)
	at org.springframework.boot.devtools.restart.RestartLauncher.run(RestartLauncher.java:49)

2020-04-19 09:32:39.842  WARN 9548 --- [restartedMain] o.s.b.a.orm.jpa.DatabaseLookup           : Unable to determine jdbc url from datasource

org.springframework.jdbc.support.MetaDataAccessException: Could not get Connection for extracting meta data; nested exception is org.springframework.jdbc.CannotGetJdbcConnectionException: Could not get JDBC Connection; nested exception is java.sql.SQLNonTransientConnectionException: Public Key Retrieval is not allowed
	at org.springframework.jdbc.support.JdbcUtils.extractDatabaseMetaData(JdbcUtils.java:339)
	at org.springframework.jdbc.support.JdbcUtils.extractDatabaseMetaData(JdbcUtils.java:366)
	at org.springframework.boot.autoconfigure.orm.jpa.DatabaseLookup.getDatabase(DatabaseLookup.java:72)
	at org.springframework.boot.autoconfigure.orm.jpa.JpaProperties.determineDatabase(JpaProperties.java:139)
	at org.springframework.boot.autoconfigure.orm.jpa.JpaBaseConfiguration.jpaVendorAdapter(JpaBaseConfiguration.java:105)
	at org.springframework.boot.autoconfigure.orm.jpa.HibernateJpaAutoConfiguration$$EnhancerBySpringCGLIB$$83808c5b.CGLIB$jpaVendorAdapter$4(<generated>)
	at org.springframework.boot.autoconfigure.orm.jpa.HibernateJpaAutoConfiguration$$EnhancerBySpringCGLIB$$83808c5b$$FastClassBySpringCGLIB$$a80d4829.invoke(<generated>)
	at org.springframework.cglib.proxy.MethodProxy.invokeSuper(MethodProxy.java:228)
	at org.springframework.context.annotation.ConfigurationClassEnhancer$BeanMethodInterceptor.intercept(ConfigurationClassEnhancer.java:358)
	at org.springframework.boot.autoconfigure.orm.jpa.HibernateJpaAutoConfiguration$$EnhancerBySpringCGLIB$$83808c5b.jpaVendorAdapter(<generated>)
	at sun.reflect.NativeMethodAccessorImpl.invoke0(Native Method)
	at sun.reflect.NativeMethodAccessorImpl.invoke(NativeMethodAccessorImpl.java:62)
	at sun.reflect.DelegatingMethodAccessorImpl.invoke(DelegatingMethodAccessorImpl.java:43)
	at java.lang.reflect.Method.invoke(Method.java:498)
	at org.springframework.beans.factory.support.SimpleInstantiationStrategy.instantiate(SimpleInstantiationStrategy.java:162)
	at org.springframework.beans.factory.support.ConstructorResolver.instantiateUsingFactoryMethod(ConstructorResolver.java:588)
	at org.springframework.beans.factory.support.AbstractAutowireCapableBeanFactory.instantiateUsingFactoryMethod(AbstractAutowireCapableBeanFactory.java:1173)
	at org.springframework.beans.factory.support.AbstractAutowireCapableBeanFactory.createBeanInstance(AbstractAutowireCapableBeanFactory.java:1067)
	at org.springframework.beans.factory.support.AbstractAutowireCapableBeanFactory.doCreateBean(AbstractAutowireCapableBeanFactory.java:513)
	at org.springframework.beans.factory.support.AbstractAutowireCapableBeanFactory.createBean(AbstractAutowireCapableBeanFactory.java:483)
	at org.springframework.beans.factory.support.AbstractBeanFactory$1.getObject(AbstractBeanFactory.java:306)
	at org.springframework.beans.factory.support.DefaultSingletonBeanRegistry.getSingleton(DefaultSingletonBeanRegistry.java:230)
	at org.springframework.beans.factory.support.AbstractBeanFactory.doGetBean(AbstractBeanFactory.java:302)
	at org.springframework.beans.factory.support.AbstractBeanFactory.getBean(AbstractBeanFactory.java:202)
	at org.springframework.beans.factory.config.DependencyDescriptor.resolveCandidate(DependencyDescriptor.java:208)
	at org.springframework.beans.factory.support.DefaultListableBeanFactory.doResolveDependency(DefaultListableBeanFactory.java:1138)
	at org.springframework.beans.factory.support.DefaultListableBeanFactory.resolveDependency(DefaultListableBeanFactory.java:1066)
	at org.springframework.beans.factory.support.ConstructorResolver.resolveAutowiredArgument(ConstructorResolver.java:835)
	at org.springframework.beans.factory.support.ConstructorResolver.createArgumentArray(ConstructorResolver.java:741)
	at org.springframework.beans.factory.support.ConstructorResolver.instantiateUsingFactoryMethod(ConstructorResolver.java:467)
	at org.springframework.beans.factory.support.AbstractAutowireCapableBeanFactory.instantiateUsingFactoryMethod(AbstractAutowireCapableBeanFactory.java:1173)
	at org.springframework.beans.factory.support.AbstractAutowireCapableBeanFactory.createBeanInstance(AbstractAutowireCapableBeanFactory.java:1067)
	at org.springframework.beans.factory.support.AbstractAutowireCapableBeanFactory.doCreateBean(AbstractAutowireCapableBeanFactory.java:513)
	at org.springframework.beans.factory.support.AbstractAutowireCapableBeanFactory.createBean(AbstractAutowireCapableBeanFactory.java:483)
	at org.springframework.beans.factory.support.AbstractBeanFactory$1.getObject(AbstractBeanFactory.java:306)
	at org.springframework.beans.factory.support.DefaultSingletonBeanRegistry.getSingleton(DefaultSingletonBeanRegistry.java:230)
	at org.springframework.beans.factory.support.AbstractBeanFactory.doGetBean(AbstractBeanFactory.java:302)
	at org.springframework.beans.factory.support.AbstractBeanFactory.getBean(AbstractBeanFactory.java:202)
	at org.springframework.beans.factory.config.DependencyDescriptor.resolveCandidate(DependencyDescriptor.java:208)
	at org.springframework.beans.factory.support.DefaultListableBeanFactory.doResolveDependency(DefaultListableBeanFactory.java:1138)
	at org.springframework.beans.factory.support.DefaultListableBeanFactory.resolveDependency(DefaultListableBeanFactory.java:1066)
	at org.springframework.beans.factory.support.ConstructorResolver.resolveAutowiredArgument(ConstructorResolver.java:835)
	at org.springframework.beans.factory.support.ConstructorResolver.createArgumentArray(ConstructorResolver.java:741)
	at org.springframework.beans.factory.support.ConstructorResolver.instantiateUsingFactoryMethod(ConstructorResolver.java:467)
	at org.springframework.beans.factory.support.AbstractAutowireCapableBeanFactory.instantiateUsingFactoryMethod(AbstractAutowireCapableBeanFactory.java:1173)
	at org.springframework.beans.factory.support.AbstractAutowireCapableBeanFactory.createBeanInstance(AbstractAutowireCapableBeanFactory.java:1067)
	at org.springframework.beans.factory.support.AbstractAutowireCapableBeanFactory.doCreateBean(AbstractAutowireCapableBeanFactory.java:513)
	at org.springframework.beans.factory.support.AbstractAutowireCapableBeanFactory.createBean(AbstractAutowireCapableBeanFactory.java:483)
	at org.springframework.beans.factory.support.AbstractBeanFactory$1.getObject(AbstractBeanFactory.java:306)
	at org.springframework.beans.factory.support.DefaultSingletonBeanRegistry.getSingleton(DefaultSingletonBeanRegistry.java:230)
	at org.springframework.beans.factory.support.AbstractBeanFactory.doGetBean(AbstractBeanFactory.java:302)
	at org.springframework.beans.factory.support.AbstractBeanFactory.getBean(AbstractBeanFactory.java:197)
	at org.springframework.context.support.AbstractApplicationContext.getBean(AbstractApplicationContext.java:1078)
	at org.springframework.context.support.AbstractApplicationContext.finishBeanFactoryInitialization(AbstractApplicationContext.java:857)
	at org.springframework.context.support.AbstractApplicationContext.refresh(AbstractApplicationContext.java:543)
	at org.springframework.boot.context.embedded.EmbeddedWebApplicationContext.refresh(EmbeddedWebApplicationContext.java:122)
	at org.springframework.boot.SpringApplication.refresh(SpringApplication.java:693)
	at org.springframework.boot.SpringApplication.refreshContext(SpringApplication.java:360)
	at org.springframework.boot.SpringApplication.run(SpringApplication.java:303)
	at org.springframework.boot.SpringApplication.run(SpringApplication.java:1118)
	at org.springframework.boot.SpringApplication.run(SpringApplication.java:1107)
	at com.cy.blog.BlogApplication.main(BlogApplication.java:10)
	at sun.reflect.NativeMethodAccessorImpl.invoke0(Native Method)
	at sun.reflect.NativeMethodAccessorImpl.invoke(NativeMethodAccessorImpl.java:62)
	at sun.reflect.DelegatingMethodAccessorImpl.invoke(DelegatingMethodAccessorImpl.java:43)
	at java.lang.reflect.Method.invoke(Method.java:498)
	at org.springframework.boot.devtools.restart.RestartLauncher.run(RestartLauncher.java:49)
Caused by: org.springframework.jdbc.CannotGetJdbcConnectionException: Could not get JDBC Connection; nested exception is java.sql.SQLNonTransientConnectionException: Public Key Retrieval is not allowed
	at org.springframework.jdbc.datasource.DataSourceUtils.getConnection(DataSourceUtils.java:80)
	at org.springframework.jdbc.support.JdbcUtils.extractDatabaseMetaData(JdbcUtils.java:326)
	... 66 common frames omitted
Caused by: java.sql.SQLNonTransientConnectionException: Public Key Retrieval is not allowed
	at com.mysql.cj.jdbc.exceptions.SQLError.createSQLException(SQLError.java:108)
	at com.mysql.cj.jdbc.exceptions.SQLError.createSQLException(SQLError.java:95)
	at com.mysql.cj.jdbc.exceptions.SQLExceptionsMapping.translateException(SQLExceptionsMapping.java:122)
	at com.mysql.cj.jdbc.ConnectionImpl.createNewIO(ConnectionImpl.java:862)
	at com.mysql.cj.jdbc.ConnectionImpl.<init>(ConnectionImpl.java:444)
	at com.mysql.cj.jdbc.ConnectionImpl.getInstance(ConnectionImpl.java:230)
	at com.mysql.cj.jdbc.NonRegisteringDriver.connect(NonRegisteringDriver.java:226)
	at org.apache.tomcat.jdbc.pool.PooledConnection.connectUsingDriver(PooledConnection.java:310)
	at org.apache.tomcat.jdbc.pool.PooledConnection.connect(PooledConnection.java:203)
	at org.apache.tomcat.jdbc.pool.ConnectionPool.createConnection(ConnectionPool.java:735)
	at org.apache.tomcat.jdbc.pool.ConnectionPool.borrowConnection(ConnectionPool.java:667)
	at org.apache.tomcat.jdbc.pool.ConnectionPool.init(ConnectionPool.java:482)
	at org.apache.tomcat.jdbc.pool.ConnectionPool.<init>(ConnectionPool.java:154)
	at org.apache.tomcat.jdbc.pool.DataSourceProxy.pCreatePool(DataSourceProxy.java:118)
	at org.apache.tomcat.jdbc.pool.DataSourceProxy.createPool(DataSourceProxy.java:107)
	at org.apache.tomcat.jdbc.pool.DataSourceProxy.getConnection(DataSourceProxy.java:131)
	at org.springframework.jdbc.datasource.DataSourceUtils.doGetConnection(DataSourceUtils.java:111)
	at org.springframework.jdbc.datasource.DataSourceUtils.getConnection(DataSourceUtils.java:77)
	... 67 common frames omitted

2020-04-19 09:32:40.122 ERROR 9548 --- [restartedMain] o.a.tomcat.jdbc.pool.ConnectionPool      : Unable to create initial connections of pool.

java.sql.SQLNonTransientConnectionException: Public Key Retrieval is not allowed
	at com.mysql.cj.jdbc.exceptions.SQLError.createSQLException(SQLError.java:108)
	at com.mysql.cj.jdbc.exceptions.SQLError.createSQLException(SQLError.java:95)
	at com.mysql.cj.jdbc.exceptions.SQLExceptionsMapping.translateException(SQLExceptionsMapping.java:122)
	at com.mysql.cj.jdbc.ConnectionImpl.createNewIO(ConnectionImpl.java:862)
	at com.mysql.cj.jdbc.ConnectionImpl.<init>(ConnectionImpl.java:444)
	at com.mysql.cj.jdbc.ConnectionImpl.getInstance(ConnectionImpl.java:230)
	at com.mysql.cj.jdbc.NonRegisteringDriver.connect(NonRegisteringDriver.java:226)
	at org.apache.tomcat.jdbc.pool.PooledConnection.connectUsingDriver(PooledConnection.java:310)
	at org.apache.tomcat.jdbc.pool.PooledConnection.connect(PooledConnection.java:203)
	at org.apache.tomcat.jdbc.pool.ConnectionPool.createConnection(ConnectionPool.java:735)
	at org.apache.tomcat.jdbc.pool.ConnectionPool.borrowConnection(ConnectionPool.java:667)
	at org.apache.tomcat.jdbc.pool.ConnectionPool.init(ConnectionPool.java:482)
	at org.apache.tomcat.jdbc.pool.ConnectionPool.<init>(ConnectionPool.java:154)
	at org.apache.tomcat.jdbc.pool.DataSourceProxy.pCreatePool(DataSourceProxy.java:118)
	at org.apache.tomcat.jdbc.pool.DataSourceProxy.createPool(DataSourceProxy.java:107)
	at org.apache.tomcat.jdbc.pool.DataSourceProxy.getConnection(DataSourceProxy.java:131)
	at org.hibernate.engine.jdbc.connections.internal.DatasourceConnectionProviderImpl.getConnection(DatasourceConnectionProviderImpl.java:122)
	at org.hibernate.engine.jdbc.env.internal.JdbcEnvironmentInitiator$ConnectionProviderJdbcConnectionAccess.obtainConnection(JdbcEnvironmentInitiator.java:180)
	at org.hibernate.engine.jdbc.env.internal.JdbcEnvironmentInitiator.initiateService(JdbcEnvironmentInitiator.java:68)
	at org.hibernate.engine.jdbc.env.internal.JdbcEnvironmentInitiator.initiateService(JdbcEnvironmentInitiator.java:35)
	at org.hibernate.boot.registry.internal.StandardServiceRegistryImpl.initiateService(StandardServiceRegistryImpl.java:88)
	at org.hibernate.service.internal.AbstractServiceRegistryImpl.createService(AbstractServiceRegistryImpl.java:254)
	at org.hibernate.service.internal.AbstractServiceRegistryImpl.initializeService(AbstractServiceRegistryImpl.java:228)
	at org.hibernate.service.internal.AbstractServiceRegistryImpl.getService(AbstractServiceRegistryImpl.java:207)
	at org.hibernate.engine.jdbc.internal.JdbcServicesImpl.configure(JdbcServicesImpl.java:51)
	at org.hibernate.boot.registry.internal.StandardServiceRegistryImpl.configureService(StandardServiceRegistryImpl.java:94)
	at org.hibernate.service.internal.AbstractServiceRegistryImpl.initializeService(AbstractServiceRegistryImpl.java:237)
	at org.hibernate.service.internal.AbstractServiceRegistryImpl.getService(AbstractServiceRegistryImpl.java:207)
	at org.hibernate.boot.model.process.spi.MetadataBuildingProcess.handleTypes(MetadataBuildingProcess.java:352)
	at org.hibernate.boot.model.process.spi.MetadataBuildingProcess.complete(MetadataBuildingProcess.java:111)
	at org.hibernate.jpa.boot.internal.EntityManagerFactoryBuilderImpl.metadata(EntityManagerFactoryBuilderImpl.java:847)
	at org.hibernate.jpa.boot.internal.EntityManagerFactoryBuilderImpl.build(EntityManagerFactoryBuilderImpl.java:874)
	at org.springframework.orm.jpa.vendor.SpringHibernateJpaPersistenceProvider.createContainerEntityManagerFactory(SpringHibernateJpaPersistenceProvider.java:60)
	at org.springframework.orm.jpa.LocalContainerEntityManagerFactoryBean.createNativeEntityManagerFactory(LocalContainerEntityManagerFactoryBean.java:353)
	at org.springframework.orm.jpa.AbstractEntityManagerFactoryBean.buildNativeEntityManagerFactory(AbstractEntityManagerFactoryBean.java:370)
	at org.springframework.orm.jpa.AbstractEntityManagerFactoryBean.afterPropertiesSet(AbstractEntityManagerFactoryBean.java:359)
	at org.springframework.beans.factory.support.AbstractAutowireCapableBeanFactory.invokeInitMethods(AbstractAutowireCapableBeanFactory.java:1687)
	at org.springframework.beans.factory.support.AbstractAutowireCapableBeanFactory.initializeBean(AbstractAutowireCapableBeanFactory.java:1624)
	at org.springframework.beans.factory.support.AbstractAutowireCapableBeanFactory.doCreateBean(AbstractAutowireCapableBeanFactory.java:555)
	at org.springframework.beans.factory.support.AbstractAutowireCapableBeanFactory.createBean(AbstractAutowireCapableBeanFactory.java:483)
	at org.springframework.beans.factory.support.AbstractBeanFactory$1.getObject(AbstractBeanFactory.java:306)
	at org.springframework.beans.factory.support.DefaultSingletonBeanRegistry.getSingleton(DefaultSingletonBeanRegistry.java:230)
	at org.springframework.beans.factory.support.AbstractBeanFactory.doGetBean(AbstractBeanFactory.java:302)
	at org.springframework.beans.factory.support.AbstractBeanFactory.getBean(AbstractBeanFactory.java:197)
	at org.springframework.context.support.AbstractApplicationContext.getBean(AbstractApplicationContext.java:1078)
	at org.springframework.context.support.AbstractApplicationContext.finishBeanFactoryInitialization(AbstractApplicationContext.java:857)
	at org.springframework.context.support.AbstractApplicationContext.refresh(AbstractApplicationContext.java:543)
	at org.springframework.boot.context.embedded.EmbeddedWebApplicationContext.refresh(EmbeddedWebApplicationContext.java:122)
	at org.springframework.boot.SpringApplication.refresh(SpringApplication.java:693)
	at org.springframework.boot.SpringApplication.refreshContext(SpringApplication.java:360)
	at org.springframework.boot.SpringApplication.run(SpringApplication.java:303)
	at org.springframework.boot.SpringApplication.run(SpringApplication.java:1118)
	at org.springframework.boot.SpringApplication.run(SpringApplication.java:1107)
	at com.cy.blog.BlogApplication.main(BlogApplication.java:10)
	at sun.reflect.NativeMethodAccessorImpl.invoke0(Native Method)
	at sun.reflect.NativeMethodAccessorImpl.invoke(NativeMethodAccessorImpl.java:62)
	at sun.reflect.DelegatingMethodAccessorImpl.invoke(DelegatingMethodAccessorImpl.java:43)
	at java.lang.reflect.Method.invoke(Method.java:498)
	at org.springframework.boot.devtools.restart.RestartLauncher.run(RestartLauncher.java:49)

2020-04-19 09:32:40.122  WARN 9548 --- [restartedMain] o.h.e.j.e.i.JdbcEnvironmentInitiator     : HHH000342: Could not obtain connection to query metadata : Public Key Retrieval is not allowed
2020-04-19 09:32:40.132  WARN 9548 --- [restartedMain] ationConfigEmbeddedWebApplicationContext : Exception encountered during context initialization - cancelling refresh attempt: org.springframework.beans.factory.BeanCreationException: Error creating bean with name 'entityManagerFactory' defined in class path resource [org/springframework/boot/autoconfigure/orm/jpa/HibernateJpaAutoConfiguration.class]: Invocation of init method failed; nested exception is org.hibernate.service.spi.ServiceException: Unable to create requested service [org.hibernate.engine.jdbc.env.spi.JdbcEnvironment]
2020-04-19 09:32:40.143 ERROR 9548 --- [restartedMain] o.s.boot.SpringApplication               : Application startup failed

org.springframework.beans.factory.BeanCreationException: Error creating bean with name 'entityManagerFactory' defined in class path resource [org/springframework/boot/autoconfigure/orm/jpa/HibernateJpaAutoConfiguration.class]: Invocation of init method failed; nested exception is org.hibernate.service.spi.ServiceException: Unable to create requested service [org.hibernate.engine.jdbc.env.spi.JdbcEnvironment]
	at org.springframework.beans.factory.support.AbstractAutowireCapableBeanFactory.initializeBean(AbstractAutowireCapableBeanFactory.java:1628)
	at org.springframework.beans.factory.support.AbstractAutowireCapableBeanFactory.doCreateBean(AbstractAutowireCapableBeanFactory.java:555)
	at org.springframework.beans.factory.support.AbstractAutowireCapableBeanFactory.createBean(AbstractAutowireCapableBeanFactory.java:483)
	at org.springframework.beans.factory.support.AbstractBeanFactory$1.getObject(AbstractBeanFactory.java:306)
	at org.springframework.beans.factory.support.DefaultSingletonBeanRegistry.getSingleton(DefaultSingletonBeanRegistry.java:230)
	at org.springframework.beans.factory.support.AbstractBeanFactory.doGetBean(AbstractBeanFactory.java:302)
	at org.springframework.beans.factory.support.AbstractBeanFactory.getBean(AbstractBeanFactory.java:197)
	at org.springframework.context.support.AbstractApplicationContext.getBean(AbstractApplicationContext.java:1078)
	at org.springframework.context.support.AbstractApplicationContext.finishBeanFactoryInitialization(AbstractApplicationContext.java:857)
	at org.springframework.context.support.AbstractApplicationContext.refresh(AbstractApplicationContext.java:543)
	at org.springframework.boot.context.embedded.EmbeddedWebApplicationContext.refresh(EmbeddedWebApplicationContext.java:122)
	at org.springframework.boot.SpringApplication.refresh(SpringApplication.java:693)
	at org.springframework.boot.SpringApplication.refreshContext(SpringApplication.java:360)
	at org.springframework.boot.SpringApplication.run(SpringApplication.java:303)
	at org.springframework.boot.SpringApplication.run(SpringApplication.java:1118)
	at org.springframework.boot.SpringApplication.run(SpringApplication.java:1107)
	at com.cy.blog.BlogApplication.main(BlogApplication.java:10)
	at sun.reflect.NativeMethodAccessorImpl.invoke0(Native Method)
	at sun.reflect.NativeMethodAccessorImpl.invoke(NativeMethodAccessorImpl.java:62)
	at sun.reflect.DelegatingMethodAccessorImpl.invoke(DelegatingMethodAccessorImpl.java:43)
	at java.lang.reflect.Method.invoke(Method.java:498)
	at org.springframework.boot.devtools.restart.RestartLauncher.run(RestartLauncher.java:49)
Caused by: org.hibernate.service.spi.ServiceException: Unable to create requested service [org.hibernate.engine.jdbc.env.spi.JdbcEnvironment]
	at org.hibernate.service.internal.AbstractServiceRegistryImpl.createService(AbstractServiceRegistryImpl.java:264)
	at org.hibernate.service.internal.AbstractServiceRegistryImpl.initializeService(AbstractServiceRegistryImpl.java:228)
	at org.hibernate.service.internal.AbstractServiceRegistryImpl.getService(AbstractServiceRegistryImpl.java:207)
	at org.hibernate.engine.jdbc.internal.JdbcServicesImpl.configure(JdbcServicesImpl.java:51)
	at org.hibernate.boot.registry.internal.StandardServiceRegistryImpl.configureService(StandardServiceRegistryImpl.java:94)
	at org.hibernate.service.internal.AbstractServiceRegistryImpl.initializeService(AbstractServiceRegistryImpl.java:237)
	at org.hibernate.service.internal.AbstractServiceRegistryImpl.getService(AbstractServiceRegistryImpl.java:207)
	at org.hibernate.boot.model.process.spi.MetadataBuildingProcess.handleTypes(MetadataBuildingProcess.java:352)
	at org.hibernate.boot.model.process.spi.MetadataBuildingProcess.complete(MetadataBuildingProcess.java:111)
	at org.hibernate.jpa.boot.internal.EntityManagerFactoryBuilderImpl.metadata(EntityManagerFactoryBuilderImpl.java:847)
	at org.hibernate.jpa.boot.internal.EntityManagerFactoryBuilderImpl.build(EntityManagerFactoryBuilderImpl.java:874)
	at org.springframework.orm.jpa.vendor.SpringHibernateJpaPersistenceProvider.createContainerEntityManagerFactory(SpringHibernateJpaPersistenceProvider.java:60)
	at org.springframework.orm.jpa.LocalContainerEntityManagerFactoryBean.createNativeEntityManagerFactory(LocalContainerEntityManagerFactoryBean.java:353)
	at org.springframework.orm.jpa.AbstractEntityManagerFactoryBean.buildNativeEntityManagerFactory(AbstractEntityManagerFactoryBean.java:370)
	at org.springframework.orm.jpa.AbstractEntityManagerFactoryBean.afterPropertiesSet(AbstractEntityManagerFactoryBean.java:359)
	at org.springframework.beans.factory.support.AbstractAutowireCapableBeanFactory.invokeInitMethods(AbstractAutowireCapableBeanFactory.java:1687)
	at org.springframework.beans.factory.support.AbstractAutowireCapableBeanFactory.initializeBean(AbstractAutowireCapableBeanFactory.java:1624)
	... 21 common frames omitted
Caused by: org.hibernate.HibernateException: Access to DialectResolutionInfo cannot be null when 'hibernate.dialect' not set
	at org.hibernate.engine.jdbc.dialect.internal.DialectFactoryImpl.determineDialect(DialectFactoryImpl.java:100)
	at org.hibernate.engine.jdbc.dialect.internal.DialectFactoryImpl.buildDialect(DialectFactoryImpl.java:54)
	at org.hibernate.engine.jdbc.env.internal.JdbcEnvironmentInitiator.initiateService(JdbcEnvironmentInitiator.java:137)
	at org.hibernate.engine.jdbc.env.internal.JdbcEnvironmentInitiator.initiateService(JdbcEnvironmentInitiator.java:35)
	at org.hibernate.boot.registry.internal.StandardServiceRegistryImpl.initiateService(StandardServiceRegistryImpl.java:88)
	at org.hibernate.service.internal.AbstractServiceRegistryImpl.createService(AbstractServiceRegistryImpl.java:254)
	... 37 common frames omitted

2020-04-19 09:34:20.448  INFO 8104 --- [restartedMain] com.cy.blog.BlogApplication              : Starting BlogApplication on DESKTOP-30MFSNP with PID 8104 (D:\idea\MyBlog\target\classes started by 13491 in D:\idea\MyBlog)
2020-04-19 09:34:20.453  INFO 8104 --- [restartedMain] com.cy.blog.BlogApplication              : The following profiles are active: pro
2020-04-19 09:34:24.482  INFO 8104 --- [restartedMain] com.cy.blog.BlogApplication              : Started BlogApplication in 4.3 seconds (JVM running for 4.845)
2020-04-19 09:34:29.641  INFO 8104 --- [http-nio-8080-exec-1] com.cy.blog.aspect.LogAspect             : Request : RequestLog{ip='0:0:0:0:0:0:0:1', url='http://localhost:8080/', classMethod='com.cy.blog.web.IndexController.index', args=[Page request [number: 0, size 5, sort: updateTime: DESC], {}]}
2020-04-19 09:34:29.729  WARN 8104 --- [http-nio-8080-exec-1] org.hibernate.orm.deprecation            : HHH90000016: Found use of deprecated 'collection property' syntax in HQL/JPQL query [null.size]; use collection function syntax instead [size(null)].
2020-04-19 09:34:29.739  WARN 8104 --- [http-nio-8080-exec-1] org.hibernate.orm.deprecation            : HHH90000016: Found use of deprecated 'collection property' syntax in HQL/JPQL query [null.size]; use collection function syntax instead [size(null)].
2020-04-19 09:34:29.747  INFO 8104 --- [http-nio-8080-exec-1] com.cy.blog.aspect.LogAspect             : Result : index
2020-04-19 09:34:30.511  INFO 8104 --- [http-nio-8080-exec-9] com.cy.blog.aspect.LogAspect             : Request : RequestLog{ip='0:0:0:0:0:0:0:1', url='http://localhost:8080/footer/newBlogs', classMethod='com.cy.blog.web.IndexController.newBlogs', args=[{}]}
2020-04-19 09:34:30.515  INFO 8104 --- [http-nio-8080-exec-9] com.cy.blog.aspect.LogAspect             : Result : _fragments :: newBlogsList
2020-04-19 10:15:35.864  INFO 12044 --- [restartedMain] com.cy.blog.BlogApplication              : Starting BlogApplication on DESKTOP-30MFSNP with PID 12044 (D:\idea\MyBlog\target\classes started by 13491 in D:\idea\MyBlog)
2020-04-19 10:15:35.864  INFO 12044 --- [restartedMain] com.cy.blog.BlogApplication              : The following profiles are active: pro
2020-04-19 10:15:40.024  INFO 12044 --- [restartedMain] com.cy.blog.BlogApplication              : Started BlogApplication in 4.46 seconds (JVM running for 5.028)
2020-04-19 10:15:50.507  INFO 12044 --- [http-nio-8080-exec-1] com.cy.blog.aspect.LogAspect             : Request : RequestLog{ip='0:0:0:0:0:0:0:1', url='http://localhost:8080/', classMethod='com.cy.blog.web.IndexController.index', args=[Page request [number: 0, size 5, sort: updateTime: DESC], {}]}
2020-04-19 10:15:50.570  WARN 12044 --- [http-nio-8080-exec-1] org.hibernate.orm.deprecation            : HHH90000016: Found use of deprecated 'collection property' syntax in HQL/JPQL query [null.size]; use collection function syntax instead [size(null)].
2020-04-19 10:15:50.575  WARN 12044 --- [http-nio-8080-exec-1] org.hibernate.orm.deprecation            : HHH90000016: Found use of deprecated 'collection property' syntax in HQL/JPQL query [null.size]; use collection function syntax instead [size(null)].
2020-04-19 10:15:50.575  INFO 12044 --- [http-nio-8080-exec-1] com.cy.blog.aspect.LogAspect             : Result : index
2020-04-19 10:15:51.252  INFO 12044 --- [http-nio-8080-exec-5] com.cy.blog.aspect.LogAspect             : Request : RequestLog{ip='0:0:0:0:0:0:0:1', url='http://localhost:8080/footer/newBlogs', classMethod='com.cy.blog.web.IndexController.newBlogs', args=[{}]}
2020-04-19 10:15:51.255  INFO 12044 --- [http-nio-8080-exec-5] com.cy.blog.aspect.LogAspect             : Result : _fragments :: newBlogsList
2020-04-19 10:15:58.474  INFO 12044 --- [http-nio-8080-exec-1] com.cy.blog.aspect.LogAspect             : Request : RequestLog{ip='0:0:0:0:0:0:0:1', url='http://localhost:8080/footer/newBlogs', classMethod='com.cy.blog.web.IndexController.newBlogs', args=[{}]}
2020-04-19 10:15:58.478  INFO 12044 --- [http-nio-8080-exec-1] com.cy.blog.aspect.LogAspect             : Result : _fragments :: newBlogsList
2020-04-19 10:16:00.699  INFO 12044 --- [http-nio-8080-exec-5] com.cy.blog.aspect.LogAspect             : Request : RequestLog{ip='0:0:0:0:0:0:0:1', url='http://localhost:8080/footer/newBlogs', classMethod='com.cy.blog.web.IndexController.newBlogs', args=[{}]}
2020-04-19 10:16:00.702  INFO 12044 --- [http-nio-8080-exec-5] com.cy.blog.aspect.LogAspect             : Result : _fragments :: newBlogsList
2020-04-19 10:16:01.331  INFO 12044 --- [http-nio-8080-exec-9] com.cy.blog.aspect.LogAspect             : Request : RequestLog{ip='0:0:0:0:0:0:0:1', url='http://localhost:8080/footer/newBlogs', classMethod='com.cy.blog.web.IndexController.newBlogs', args=[{}]}
2020-04-19 10:16:01.334  INFO 12044 --- [http-nio-8080-exec-9] com.cy.blog.aspect.LogAspect             : Result : _fragments :: newBlogsList
2020-04-19 10:16:01.919  INFO 12044 --- [http-nio-8080-exec-3] com.cy.blog.aspect.LogAspect             : Request : RequestLog{ip='0:0:0:0:0:0:0:1', url='http://localhost:8080/footer/newBlogs', classMethod='com.cy.blog.web.IndexController.newBlogs', args=[{}]}
2020-04-19 10:16:01.922  INFO 12044 --- [http-nio-8080-exec-3] com.cy.blog.aspect.LogAspect             : Result : _fragments :: newBlogsList
2020-04-19 10:16:04.759  INFO 12044 --- [http-nio-8080-exec-7] com.cy.blog.aspect.LogAspect             : Request : RequestLog{ip='0:0:0:0:0:0:0:1', url='http://localhost:8080/footer/newBlogs', classMethod='com.cy.blog.web.IndexController.newBlogs', args=[{}]}
2020-04-19 10:16:04.761  INFO 12044 --- [http-nio-8080-exec-7] com.cy.blog.aspect.LogAspect             : Result : _fragments :: newBlogsList
2020-04-19 10:16:05.818  INFO 12044 --- [http-nio-8080-exec-3] com.cy.blog.aspect.LogAspect             : Request : RequestLog{ip='0:0:0:0:0:0:0:1', url='http://localhost:8080/footer/newBlogs', classMethod='com.cy.blog.web.IndexController.newBlogs', args=[{}]}
2020-04-19 10:16:05.821  INFO 12044 --- [http-nio-8080-exec-3] com.cy.blog.aspect.LogAspect             : Result : _fragments :: newBlogsList
2020-04-19 10:16:07.078  INFO 12044 --- [http-nio-8080-exec-6] com.cy.blog.aspect.LogAspect             : Request : RequestLog{ip='0:0:0:0:0:0:0:1', url='http://localhost:8080/footer/newBlogs', classMethod='com.cy.blog.web.IndexController.newBlogs', args=[{}]}
2020-04-19 10:16:07.081  INFO 12044 --- [http-nio-8080-exec-6] com.cy.blog.aspect.LogAspect             : Result : _fragments :: newBlogsList
2020-04-19 10:16:11.199  INFO 12044 --- [http-nio-8080-exec-5] com.cy.blog.aspect.LogAspect             : Request : RequestLog{ip='0:0:0:0:0:0:0:1', url='http://localhost:8080/footer/newBlogs', classMethod='com.cy.blog.web.IndexController.newBlogs', args=[{}]}
2020-04-19 10:16:11.202  INFO 12044 --- [http-nio-8080-exec-5] com.cy.blog.aspect.LogAspect             : Result : _fragments :: newBlogsList
2020-04-19 10:16:13.033  INFO 12044 --- [http-nio-8080-exec-1] com.cy.blog.aspect.LogAspect             : Request : RequestLog{ip='0:0:0:0:0:0:0:1', url='http://localhost:8080/footer/newBlogs', classMethod='com.cy.blog.web.IndexController.newBlogs', args=[{}]}
2020-04-19 10:16:13.036  INFO 12044 --- [http-nio-8080-exec-1] com.cy.blog.aspect.LogAspect             : Result : _fragments :: newBlogsList
2020-04-19 10:16:18.781  INFO 12044 --- [http-nio-8080-exec-3] com.cy.blog.aspect.LogAspect             : Request : RequestLog{ip='0:0:0:0:0:0:0:1', url='http://localhost:8080/footer/newBlogs', classMethod='com.cy.blog.web.IndexController.newBlogs', args=[{}]}
2020-04-19 10:16:18.784  INFO 12044 --- [http-nio-8080-exec-3] com.cy.blog.aspect.LogAspect             : Result : _fragments :: newBlogsList
2020-04-19 10:16:19.910  INFO 12044 --- [http-nio-8080-exec-8] com.cy.blog.aspect.LogAspect             : Request : RequestLog{ip='0:0:0:0:0:0:0:1', url='http://localhost:8080/footer/newBlogs', classMethod='com.cy.blog.web.IndexController.newBlogs', args=[{}]}
2020-04-19 10:16:19.912  INFO 12044 --- [http-nio-8080-exec-8] com.cy.blog.aspect.LogAspect             : Result : _fragments :: newBlogsList
2020-04-19 10:16:21.123  INFO 12044 --- [http-nio-8080-exec-6] com.cy.blog.aspect.LogAspect             : Request : RequestLog{ip='0:0:0:0:0:0:0:1', url='http://localhost:8080/footer/newBlogs', classMethod='com.cy.blog.web.IndexController.newBlogs', args=[{}]}
2020-04-19 10:16:21.125  INFO 12044 --- [http-nio-8080-exec-6] com.cy.blog.aspect.LogAspect             : Result : _fragments :: newBlogsList
2020-04-19 10:16:21.786  INFO 12044 --- [http-nio-8080-exec-10] com.cy.blog.aspect.LogAspect             : Request : RequestLog{ip='0:0:0:0:0:0:0:1', url='http://localhost:8080/footer/newBlogs', classMethod='com.cy.blog.web.IndexController.newBlogs', args=[{}]}
2020-04-19 10:16:21.789  INFO 12044 --- [http-nio-8080-exec-10] com.cy.blog.aspect.LogAspect             : Result : _fragments :: newBlogsList
2020-04-19 10:17:59.859  INFO 12044 --- [http-nio-8080-exec-3] com.cy.blog.aspect.LogAspect             : Request : RequestLog{ip='0:0:0:0:0:0:0:1', url='http://localhost:8080/footer/newBlogs', classMethod='com.cy.blog.web.IndexController.newBlogs', args=[{}]}
2020-04-19 10:17:59.861  INFO 12044 --- [http-nio-8080-exec-3] com.cy.blog.aspect.LogAspect             : Result : _fragments :: newBlogsList
2020-04-19 10:18:03.274  INFO 12044 --- [http-nio-8080-exec-9] com.cy.blog.aspect.LogAspect             : Request : RequestLog{ip='0:0:0:0:0:0:0:1', url='http://localhost:8080/footer/newBlogs', classMethod='com.cy.blog.web.IndexController.newBlogs', args=[{}]}
2020-04-19 10:18:03.276  INFO 12044 --- [http-nio-8080-exec-9] com.cy.blog.aspect.LogAspect             : Result : _fragments :: newBlogsList
2020-04-19 10:18:04.252  INFO 12044 --- [http-nio-8080-exec-1] com.cy.blog.aspect.LogAspect             : Request : RequestLog{ip='0:0:0:0:0:0:0:1', url='http://localhost:8080/footer/newBlogs', classMethod='com.cy.blog.web.IndexController.newBlogs', args=[{}]}
2020-04-19 10:18:04.255  INFO 12044 --- [http-nio-8080-exec-1] com.cy.blog.aspect.LogAspect             : Result : _fragments :: newBlogsList
2020-04-19 10:18:04.854  INFO 12044 --- [http-nio-8080-exec-9] com.cy.blog.aspect.LogAspect             : Request : RequestLog{ip='0:0:0:0:0:0:0:1', url='http://localhost:8080/footer/newBlogs', classMethod='com.cy.blog.web.IndexController.newBlogs', args=[{}]}
2020-04-19 10:18:04.858  INFO 12044 --- [http-nio-8080-exec-9] com.cy.blog.aspect.LogAspect             : Result : _fragments :: newBlogsList
2020-04-19 10:18:05.610  INFO 12044 --- [http-nio-8080-exec-1] com.cy.blog.aspect.LogAspect             : Request : RequestLog{ip='0:0:0:0:0:0:0:1', url='http://localhost:8080/footer/newBlogs', classMethod='com.cy.blog.web.IndexController.newBlogs', args=[{}]}
2020-04-19 10:18:05.612  INFO 12044 --- [http-nio-8080-exec-1] com.cy.blog.aspect.LogAspect             : Result : _fragments :: newBlogsList
2020-04-19 10:18:07.185  INFO 12044 --- [http-nio-8080-exec-10] com.cy.blog.aspect.LogAspect             : Request : RequestLog{ip='0:0:0:0:0:0:0:1', url='http://localhost:8080/footer/newBlogs', classMethod='com.cy.blog.web.IndexController.newBlogs', args=[{}]}
2020-04-19 10:18:07.188  INFO 12044 --- [http-nio-8080-exec-10] com.cy.blog.aspect.LogAspect             : Result : _fragments :: newBlogsList
2020-04-19 10:18:07.980  INFO 12044 --- [http-nio-8080-exec-7] com.cy.blog.aspect.LogAspect             : Request : RequestLog{ip='0:0:0:0:0:0:0:1', url='http://localhost:8080/footer/newBlogs', classMethod='com.cy.blog.web.IndexController.newBlogs', args=[{}]}
2020-04-19 10:18:07.983  INFO 12044 --- [http-nio-8080-exec-7] com.cy.blog.aspect.LogAspect             : Result : _fragments :: newBlogsList
2020-04-19 10:18:12.512  INFO 12044 --- [http-nio-8080-exec-1] com.cy.blog.aspect.LogAspect             : Request : RequestLog{ip='0:0:0:0:0:0:0:1', url='http://localhost:8080/footer/newBlogs', classMethod='com.cy.blog.web.IndexController.newBlogs', args=[{}]}
2020-04-19 10:18:12.516  INFO 12044 --- [http-nio-8080-exec-1] com.cy.blog.aspect.LogAspect             : Result : _fragments :: newBlogsList
2020-04-19 10:18:15.524  INFO 12044 --- [http-nio-8080-exec-5] com.cy.blog.aspect.LogAspect             : Request : RequestLog{ip='0:0:0:0:0:0:0:1', url='http://localhost:8080/footer/newBlogs', classMethod='com.cy.blog.web.IndexController.newBlogs', args=[{}]}
2020-04-19 10:18:15.526  INFO 12044 --- [http-nio-8080-exec-5] com.cy.blog.aspect.LogAspect             : Result : _fragments :: newBlogsList
2020-04-19 10:18:16.516  INFO 12044 --- [http-nio-8080-exec-6] com.cy.blog.aspect.LogAspect             : Request : RequestLog{ip='0:0:0:0:0:0:0:1', url='http://localhost:8080/footer/newBlogs', classMethod='com.cy.blog.web.IndexController.newBlogs', args=[{}]}
2020-04-19 10:18:16.518  INFO 12044 --- [http-nio-8080-exec-6] com.cy.blog.aspect.LogAspect             : Result : _fragments :: newBlogsList
2020-04-19 10:18:17.469  INFO 12044 --- [http-nio-8080-exec-1] com.cy.blog.aspect.LogAspect             : Request : RequestLog{ip='0:0:0:0:0:0:0:1', url='http://localhost:8080/footer/newBlogs', classMethod='com.cy.blog.web.IndexController.newBlogs', args=[{}]}
2020-04-19 10:18:17.472  INFO 12044 --- [http-nio-8080-exec-1] com.cy.blog.aspect.LogAspect             : Result : _fragments :: newBlogsList
2020-04-19 10:18:23.253  INFO 12044 --- [http-nio-8080-exec-3] com.cy.blog.aspect.LogAspect             : Request : RequestLog{ip='0:0:0:0:0:0:0:1', url='http://localhost:8080/footer/newBlogs', classMethod='com.cy.blog.web.IndexController.newBlogs', args=[{}]}
2020-04-19 10:18:23.256  INFO 12044 --- [http-nio-8080-exec-3] com.cy.blog.aspect.LogAspect             : Result : _fragments :: newBlogsList
2020-04-19 10:18:24.187  INFO 12044 --- [http-nio-8080-exec-1] com.cy.blog.aspect.LogAspect             : Request : RequestLog{ip='0:0:0:0:0:0:0:1', url='http://localhost:8080/footer/newBlogs', classMethod='com.cy.blog.web.IndexController.newBlogs', args=[{}]}
2020-04-19 10:18:24.190  INFO 12044 --- [http-nio-8080-exec-1] com.cy.blog.aspect.LogAspect             : Result : _fragments :: newBlogsList
2020-04-19 10:18:25.185  INFO 12044 --- [http-nio-8080-exec-3] com.cy.blog.aspect.LogAspect             : Request : RequestLog{ip='0:0:0:0:0:0:0:1', url='http://localhost:8080/footer/newBlogs', classMethod='com.cy.blog.web.IndexController.newBlogs', args=[{}]}
2020-04-19 10:18:25.187  INFO 12044 --- [http-nio-8080-exec-3] com.cy.blog.aspect.LogAspect             : Result : _fragments :: newBlogsList
2020-04-19 10:18:29.072  INFO 12044 --- [http-nio-8080-exec-10] com.cy.blog.aspect.LogAspect             : Request : RequestLog{ip='0:0:0:0:0:0:0:1', url='http://localhost:8080/footer/newBlogs', classMethod='com.cy.blog.web.IndexController.newBlogs', args=[{}]}
2020-04-19 10:18:29.075  INFO 12044 --- [http-nio-8080-exec-10] com.cy.blog.aspect.LogAspect             : Result : _fragments :: newBlogsList
2020-04-19 10:18:33.387  INFO 12044 --- [http-nio-8080-exec-4] com.cy.blog.aspect.LogAspect             : Request : RequestLog{ip='0:0:0:0:0:0:0:1', url='http://localhost:8080/', classMethod='com.cy.blog.web.IndexController.index', args=[Page request [number: 0, size 5, sort: updateTime: DESC], {}]}
2020-04-19 10:18:33.393  INFO 12044 --- [http-nio-8080-exec-4] com.cy.blog.aspect.LogAspect             : Result : index
2020-04-19 10:18:34.994  INFO 12044 --- [http-nio-8080-exec-7] com.cy.blog.aspect.LogAspect             : Request : RequestLog{ip='0:0:0:0:0:0:0:1', url='http://localhost:8080/footer/newBlogs', classMethod='com.cy.blog.web.IndexController.newBlogs', args=[{}]}
2020-04-19 10:18:34.996  INFO 12044 --- [http-nio-8080-exec-7] com.cy.blog.aspect.LogAspect             : Result : _fragments :: newBlogsList
2020-04-19 10:18:40.591  INFO 12044 --- [http-nio-8080-exec-2] com.cy.blog.aspect.LogAspect             : Request : RequestLog{ip='0:0:0:0:0:0:0:1', url='http://localhost:8080/blog/12', classMethod='com.cy.blog.web.IndexController.blog', args=[12, {}]}
2020-04-19 10:18:40.631  INFO 12044 --- [http-nio-8080-exec-2] com.cy.blog.aspect.LogAspect             : Result : blog
2020-04-19 10:18:40.859  INFO 12044 --- [http-nio-8080-exec-2] com.cy.blog.aspect.LogAspect             : Request : RequestLog{ip='0:0:0:0:0:0:0:1', url='http://localhost:8080/footer/newBlogs', classMethod='com.cy.blog.web.IndexController.newBlogs', args=[{}]}
2020-04-19 10:18:40.862  INFO 12044 --- [http-nio-8080-exec-2] com.cy.blog.aspect.LogAspect             : Result : _fragments :: newBlogsList
2020-04-19 10:19:15.358  INFO 12044 --- [http-nio-8080-exec-9] com.cy.blog.aspect.LogAspect             : Request : RequestLog{ip='0:0:0:0:0:0:0:1', url='http://localhost:8080/about', classMethod='com.cy.blog.web.AboutShowController.about', args=[]}
2020-04-19 10:19:15.359  INFO 12044 --- [http-nio-8080-exec-9] com.cy.blog.aspect.LogAspect             : Result : about
2020-04-19 10:19:15.608  INFO 12044 --- [http-nio-8080-exec-4] com.cy.blog.aspect.LogAspect             : Request : RequestLog{ip='0:0:0:0:0:0:0:1', url='http://localhost:8080/footer/newBlogs', classMethod='com.cy.blog.web.IndexController.newBlogs', args=[{}]}
2020-04-19 10:19:15.610  INFO 12044 --- [http-nio-8080-exec-4] com.cy.blog.aspect.LogAspect             : Result : _fragments :: newBlogsList
2020-04-19 10:19:16.829  INFO 12044 --- [http-nio-8080-exec-7] com.cy.blog.aspect.LogAspect             : Request : RequestLog{ip='0:0:0:0:0:0:0:1', url='http://localhost:8080/archives', classMethod='com.cy.blog.web.ArchiveController.archives', args=[{}]}
2020-04-19 10:19:16.840  INFO 12044 --- [http-nio-8080-exec-7] com.cy.blog.aspect.LogAspect             : Result : archives
2020-04-19 10:19:17.050  INFO 12044 --- [http-nio-8080-exec-3] com.cy.blog.aspect.LogAspect             : Request : RequestLog{ip='0:0:0:0:0:0:0:1', url='http://localhost:8080/footer/newBlogs', classMethod='com.cy.blog.web.IndexController.newBlogs', args=[{}]}
2020-04-19 10:19:17.053  INFO 12044 --- [http-nio-8080-exec-3] com.cy.blog.aspect.LogAspect             : Result : _fragments :: newBlogsList
2020-04-19 10:19:18.253  INFO 12044 --- [http-nio-8080-exec-4] com.cy.blog.aspect.LogAspect             : Request : RequestLog{ip='0:0:0:0:0:0:0:1', url='http://localhost:8080/tags/-1', classMethod='com.cy.blog.web.TagShowController.types', args=[Page request [number: 0, size 10, sort: updateTime: DESC], -1, {}]}
2020-04-19 10:19:18.264  INFO 12044 --- [http-nio-8080-exec-4] com.cy.blog.aspect.LogAspect             : Result : tags
2020-04-19 10:19:18.489  INFO 12044 --- [http-nio-8080-exec-9] com.cy.blog.aspect.LogAspect             : Request : RequestLog{ip='0:0:0:0:0:0:0:1', url='http://localhost:8080/footer/newBlogs', classMethod='com.cy.blog.web.IndexController.newBlogs', args=[{}]}
2020-04-19 10:19:18.491  INFO 12044 --- [http-nio-8080-exec-9] com.cy.blog.aspect.LogAspect             : Result : _fragments :: newBlogsList
2020-04-19 10:19:19.709  INFO 12044 --- [http-nio-8080-exec-3] com.cy.blog.aspect.LogAspect             : Request : RequestLog{ip='0:0:0:0:0:0:0:1', url='http://localhost:8080/types/-1', classMethod='com.cy.blog.web.TypeShowController.types', args=[Page request [number: 0, size 10, sort: updateTime: DESC], -1, {}]}
2020-04-19 10:19:19.716  INFO 12044 --- [http-nio-8080-exec-3] com.cy.blog.aspect.LogAspect             : Result : types
2020-04-19 10:19:19.937  INFO 12044 --- [http-nio-8080-exec-6] com.cy.blog.aspect.LogAspect             : Request : RequestLog{ip='0:0:0:0:0:0:0:1', url='http://localhost:8080/footer/newBlogs', classMethod='com.cy.blog.web.IndexController.newBlogs', args=[{}]}
2020-04-19 10:19:19.939  INFO 12044 --- [http-nio-8080-exec-6] com.cy.blog.aspect.LogAspect             : Result : _fragments :: newBlogsList
2020-04-19 10:19:22.131  INFO 12044 --- [http-nio-8080-exec-1] com.cy.blog.aspect.LogAspect             : Request : RequestLog{ip='0:0:0:0:0:0:0:1', url='http://localhost:8080/', classMethod='com.cy.blog.web.IndexController.index', args=[Page request [number: 0, size 5, sort: updateTime: DESC], {}]}
2020-04-19 10:19:22.138  INFO 12044 --- [http-nio-8080-exec-1] com.cy.blog.aspect.LogAspect             : Result : index
2020-04-19 10:19:22.355  INFO 12044 --- [http-nio-8080-exec-6] com.cy.blog.aspect.LogAspect             : Request : RequestLog{ip='0:0:0:0:0:0:0:1', url='http://localhost:8080/footer/newBlogs', classMethod='com.cy.blog.web.IndexController.newBlogs', args=[{}]}
2020-04-19 10:19:22.357  INFO 12044 --- [http-nio-8080-exec-6] com.cy.blog.aspect.LogAspect             : Result : _fragments :: newBlogsList
2020-04-19 10:19:36.123  INFO 12044 --- [http-nio-8080-exec-4] com.cy.blog.aspect.LogAspect             : Request : RequestLog{ip='0:0:0:0:0:0:0:1', url='http://localhost:8080/footer/newBlogs', classMethod='com.cy.blog.web.IndexController.newBlogs', args=[{}]}
2020-04-19 10:19:36.125  INFO 12044 --- [http-nio-8080-exec-4] com.cy.blog.aspect.LogAspect             : Result : _fragments :: newBlogsList
2020-04-19 10:19:37.726  INFO 12044 --- [http-nio-8080-exec-3] com.cy.blog.aspect.LogAspect             : Request : RequestLog{ip='0:0:0:0:0:0:0:1', url='http://localhost:8080/footer/newBlogs', classMethod='com.cy.blog.web.IndexController.newBlogs', args=[{}]}
2020-04-19 10:19:37.728  INFO 12044 --- [http-nio-8080-exec-3] com.cy.blog.aspect.LogAspect             : Result : _fragments :: newBlogsList
